c:\users\bailey\desktop\projects\platclient\platclient\externaloverlay\debug\vc142.pdb
c:\users\bailey\desktop\projects\platclient\platclient\externaloverlay\debug\vc142.idb
c:\users\bailey\desktop\projects\platclient\platclient\externaloverlay\debug\server.obj
c:\users\bailey\desktop\projects\platclient\platclient\externaloverlay\debug\rpc_s.obj
c:\users\bailey\desktop\projects\platclient\platclient\externaloverlay\debug\paint.obj
c:\users\bailey\desktop\projects\platclient\platclient\externaloverlay\debug\externaloverlay.obj
c:\users\bailey\desktop\projects\platclient\platclient\debug\externaloverlay.exe
c:\users\bailey\desktop\projects\platclient\platclient\debug\externaloverlay.ilk
c:\users\bailey\desktop\projects\platclient\platclient\debug\externaloverlay.pdb
c:\users\bailey\desktop\projects\platclient\platclient\externaloverlay\rpc_c.c
c:\users\bailey\desktop\projects\platclient\platclient\externaloverlay\rpc_s.c
c:\users\bailey\desktop\projects\platclient\platclient\externaloverlay\rpc_h.h
c:\users\bailey\desktop\projects\platclient\platclient\externaloverlay\debug\externaloverlay.res
c:\users\bailey\desktop\projects\platclient\platclient\externaloverlay\debug\externaloverlay.tlog\cl.command.1.tlog
c:\users\bailey\desktop\projects\platclient\platclient\externaloverlay\debug\externaloverlay.tlog\cl.read.1.tlog
c:\users\bailey\desktop\projects\platclient\platclient\externaloverlay\debug\externaloverlay.tlog\cl.write.1.tlog
c:\users\bailey\desktop\projects\platclient\platclient\externaloverlay\debug\externaloverlay.tlog\link.command.1.tlog
c:\users\bailey\desktop\projects\platclient\platclient\externaloverlay\debug\externaloverlay.tlog\link.read.1.tlog
c:\users\bailey\desktop\projects\platclient\platclient\externaloverlay\debug\externaloverlay.tlog\link.write.1.tlog
c:\users\bailey\desktop\projects\platclient\platclient\externaloverlay\debug\externaloverlay.tlog\midl.command.1.tlog
c:\users\bailey\desktop\projects\platclient\platclient\externaloverlay\debug\externaloverlay.tlog\midl.read.1.tlog
c:\users\bailey\desktop\projects\platclient\platclient\externaloverlay\debug\externaloverlay.tlog\midl.write.1.tlog
c:\users\bailey\desktop\projects\platclient\platclient\externaloverlay\debug\externaloverlay.tlog\rc.command.1.tlog
c:\users\bailey\desktop\projects\platclient\platclient\externaloverlay\debug\externaloverlay.tlog\rc.read.1.tlog
c:\users\bailey\desktop\projects\platclient\platclient\externaloverlay\debug\externaloverlay.tlog\rc.write.1.tlog
