c:\users\bailey\desktop\projects\platclient\platclient\backend\x64\debug\vc142.pdb
c:\users\bailey\desktop\projects\platclient\platclient\backend\x64\debug\vc142.idb
c:\users\bailey\desktop\projects\platclient\platclient\backend\x64\debug\rpcclient_c.obj
c:\users\bailey\desktop\projects\platclient\platclient\backend\x64\debug\mem.obj
c:\users\bailey\desktop\projects\platclient\platclient\backend\x64\debug\main.obj
c:\users\bailey\desktop\projects\platclient\platclient\backend\x64\debug\discord.obj
c:\users\bailey\desktop\projects\platclient\platclient\backend\x64\debug\serialization.obj
c:\users\bailey\desktop\projects\platclient\platclient\backend\x64\debug\rpc_connection.obj
c:\users\bailey\desktop\projects\platclient\platclient\backend\x64\debug\dllmain.obj
c:\users\bailey\desktop\projects\platclient\platclient\backend\x64\debug\discord_rpc.obj
c:\users\bailey\desktop\projects\platclient\platclient\backend\x64\debug\discord_register_win.obj
c:\users\bailey\desktop\projects\platclient\platclient\backend\x64\debug\connection_win.obj
c:\users\bailey\desktop\projects\platclient\platclient\backend\x64\debug\client.obj
c:\users\bailey\desktop\projects\platclient\platclient\x64\debug\backend.exe
c:\users\bailey\desktop\projects\platclient\platclient\x64\debug\backend.ilk
c:\users\bailey\desktop\projects\platclient\platclient\x64\debug\backend.pdb
c:\users\bailey\desktop\projects\platclient\platclient\backend\rpcclient_c.c
c:\users\bailey\desktop\projects\platclient\platclient\backend\rpcclient_s.c
c:\users\bailey\desktop\projects\platclient\platclient\backend\rpcclient_h.h
c:\users\bailey\desktop\projects\platclient\platclient\backend\x64\debug\backend.tlog\cl.command.1.tlog
c:\users\bailey\desktop\projects\platclient\platclient\backend\x64\debug\backend.tlog\cl.read.1.tlog
c:\users\bailey\desktop\projects\platclient\platclient\backend\x64\debug\backend.tlog\cl.write.1.tlog
c:\users\bailey\desktop\projects\platclient\platclient\backend\x64\debug\backend.tlog\link.command.1.tlog
c:\users\bailey\desktop\projects\platclient\platclient\backend\x64\debug\backend.tlog\link.read.1.tlog
c:\users\bailey\desktop\projects\platclient\platclient\backend\x64\debug\backend.tlog\link.write.1.tlog
c:\users\bailey\desktop\projects\platclient\platclient\backend\x64\debug\backend.tlog\midl.command.1.tlog
c:\users\bailey\desktop\projects\platclient\platclient\backend\x64\debug\backend.tlog\midl.read.1.tlog
c:\users\bailey\desktop\projects\platclient\platclient\backend\x64\debug\backend.tlog\midl.write.1.tlog
