c:\users\bailey\desktop\projects\platclient\platclient\x64\release\backend.ipdb
c:\users\bailey\desktop\projects\platclient\platclient\x64\release\backend.iobj
c:\users\bailey\desktop\projects\platclient\platclient\backend\x64\release\vcpkg.applocal.log
c:\users\bailey\desktop\projects\platclient\platclient\backend\x64\release\vc142.pdb
c:\users\bailey\desktop\projects\platclient\platclient\backend\x64\release\pointerparser.obj
c:\users\bailey\desktop\projects\platclient\platclient\backend\x64\release\rpcclient_c.obj
c:\users\bailey\desktop\projects\platclient\platclient\backend\x64\release\mem.obj
c:\users\bailey\desktop\projects\platclient\platclient\backend\x64\release\main.obj
c:\users\bailey\desktop\projects\platclient\platclient\backend\x64\release\discord.obj
c:\users\bailey\desktop\projects\platclient\platclient\backend\x64\release\serialization.obj
c:\users\bailey\desktop\projects\platclient\platclient\backend\x64\release\rpc_connection.obj
c:\users\bailey\desktop\projects\platclient\platclient\backend\x64\release\dllmain.obj
c:\users\bailey\desktop\projects\platclient\platclient\backend\x64\release\discord_rpc.obj
c:\users\bailey\desktop\projects\platclient\platclient\backend\x64\release\discord_register_win.obj
c:\users\bailey\desktop\projects\platclient\platclient\backend\x64\release\connection_win.obj
c:\users\bailey\desktop\projects\platclient\platclient\backend\x64\release\configparserbackend.obj
c:\users\bailey\desktop\projects\platclient\platclient\backend\x64\release\client.obj
c:\users\bailey\desktop\projects\platclient\platclient\x64\release\backend.exe
c:\users\bailey\desktop\projects\platclient\platclient\x64\release\backend.pdb
c:\users\bailey\desktop\projects\platclient\platclient\backend\rpcclient_c.c
c:\users\bailey\desktop\projects\platclient\platclient\backend\rpcclient_s.c
c:\users\bailey\desktop\projects\platclient\platclient\backend\rpcclient_h.h
c:\users\bailey\desktop\projects\platclient\platclient\backend\x64\release\backend.tlog\backend.write.1u.tlog
c:\users\bailey\desktop\projects\platclient\platclient\backend\x64\release\backend.tlog\cl.command.1.tlog
c:\users\bailey\desktop\projects\platclient\platclient\backend\x64\release\backend.tlog\cl.read.1.tlog
c:\users\bailey\desktop\projects\platclient\platclient\backend\x64\release\backend.tlog\cl.write.1.tlog
c:\users\bailey\desktop\projects\platclient\platclient\backend\x64\release\backend.tlog\link.command.1.tlog
c:\users\bailey\desktop\projects\platclient\platclient\backend\x64\release\backend.tlog\link.read.1.tlog
c:\users\bailey\desktop\projects\platclient\platclient\backend\x64\release\backend.tlog\link.write.1.tlog
c:\users\bailey\desktop\projects\platclient\platclient\backend\x64\release\backend.tlog\midl.command.1.tlog
c:\users\bailey\desktop\projects\platclient\platclient\backend\x64\release\backend.tlog\midl.read.1.tlog
c:\users\bailey\desktop\projects\platclient\platclient\backend\x64\release\backend.tlog\midl.write.1.tlog
