c:\users\bailey\desktop\projects\platclient\platclient\externaloverlay\release\vc142.pdb
c:\users\bailey\desktop\projects\platclient\platclient\externaloverlay\release\subcount.obj
c:\users\bailey\desktop\projects\platclient\platclient\externaloverlay\release\server.obj
c:\users\bailey\desktop\projects\platclient\platclient\externaloverlay\release\rpc_s.obj
c:\users\bailey\desktop\projects\platclient\platclient\externaloverlay\release\paint.obj
c:\users\bailey\desktop\projects\platclient\platclient\externaloverlay\release\keystrokes.obj
c:\users\bailey\desktop\projects\platclient\platclient\externaloverlay\release\externaloverlay.obj
c:\users\bailey\desktop\projects\platclient\platclient\externaloverlay\release\cps.obj
c:\users\bailey\desktop\projects\platclient\platclient\externaloverlay\release\configparseroverlay.obj
c:\users\bailey\desktop\projects\platclient\platclient\release\externaloverlay.ipdb
c:\users\bailey\desktop\projects\platclient\platclient\release\externaloverlay.iobj
c:\users\bailey\desktop\projects\platclient\platclient\externaloverlay\release\vcpkg.applocal.log
c:\users\bailey\desktop\projects\platclient\platclient\release\libcurl.dll
c:\users\bailey\desktop\projects\platclient\platclient\release\zlib1.dll
c:\users\bailey\desktop\projects\platclient\platclient\release\externaloverlay.exe
c:\users\bailey\desktop\projects\platclient\platclient\release\externaloverlay.pdb
c:\users\bailey\desktop\projects\platclient\platclient\externaloverlay\release\externaloverlay.res
c:\users\bailey\desktop\projects\platclient\platclient\externaloverlay\release\externaloverlay.tlog\cl.command.1.tlog
c:\users\bailey\desktop\projects\platclient\platclient\externaloverlay\release\externaloverlay.tlog\cl.read.1.tlog
c:\users\bailey\desktop\projects\platclient\platclient\externaloverlay\release\externaloverlay.tlog\cl.write.1.tlog
c:\users\bailey\desktop\projects\platclient\platclient\externaloverlay\release\externaloverlay.tlog\externaloverlay.write.1u.tlog
c:\users\bailey\desktop\projects\platclient\platclient\externaloverlay\release\externaloverlay.tlog\link.command.1.tlog
c:\users\bailey\desktop\projects\platclient\platclient\externaloverlay\release\externaloverlay.tlog\link.read.1.tlog
c:\users\bailey\desktop\projects\platclient\platclient\externaloverlay\release\externaloverlay.tlog\link.write.1.tlog
c:\users\bailey\desktop\projects\platclient\platclient\externaloverlay\release\externaloverlay.tlog\midl.command.1.tlog
c:\users\bailey\desktop\projects\platclient\platclient\externaloverlay\release\externaloverlay.tlog\midl.read.1.tlog
c:\users\bailey\desktop\projects\platclient\platclient\externaloverlay\release\externaloverlay.tlog\midl.write.1.tlog
c:\users\bailey\desktop\projects\platclient\platclient\externaloverlay\release\externaloverlay.tlog\rc.command.1.tlog
c:\users\bailey\desktop\projects\platclient\platclient\externaloverlay\release\externaloverlay.tlog\rc.read.1.tlog
c:\users\bailey\desktop\projects\platclient\platclient\externaloverlay\release\externaloverlay.tlog\rc.write.1.tlog
