c:\users\bailey\desktop\projects\platclient\platclient\pclient\x64\release\vc142.pdb
c:\users\bailey\desktop\projects\platclient\platclient\pclient\x64\release\zoom.obj
c:\users\bailey\desktop\projects\platclient\platclient\pclient\x64\release\subcount.obj
c:\users\bailey\desktop\projects\platclient\platclient\pclient\x64\release\devfuncs.obj
c:\users\bailey\desktop\projects\platclient\platclient\pclient\x64\release\pointerparser.obj
c:\users\bailey\desktop\projects\platclient\platclient\pclient\x64\release\pclient.obj
c:\users\bailey\desktop\projects\platclient\platclient\pclient\x64\release\paint.obj
c:\users\bailey\desktop\projects\platclient\platclient\pclient\x64\release\mem.obj
c:\users\bailey\desktop\projects\platclient\platclient\pclient\x64\release\keystrokes.obj
c:\users\bailey\desktop\projects\platclient\platclient\pclient\x64\release\discord.obj
c:\users\bailey\desktop\projects\platclient\platclient\pclient\x64\release\serialization.obj
c:\users\bailey\desktop\projects\platclient\platclient\pclient\x64\release\rpc_connection.obj
c:\users\bailey\desktop\projects\platclient\platclient\pclient\x64\release\dllmain.obj
c:\users\bailey\desktop\projects\platclient\platclient\pclient\x64\release\discord_rpc.obj
c:\users\bailey\desktop\projects\platclient\platclient\pclient\x64\release\discord_register_win.obj
c:\users\bailey\desktop\projects\platclient\platclient\pclient\x64\release\connection_win.obj
c:\users\bailey\desktop\projects\platclient\platclient\pclient\x64\release\cps.obj
c:\users\bailey\desktop\projects\platclient\platclient\pclient\x64\release\configparser.obj
c:\users\bailey\desktop\projects\platclient\platclient\x64\release\pclient.exe
c:\users\bailey\desktop\projects\platclient\platclient\x64\release\pclient.pdb
c:\users\bailey\desktop\projects\platclient\platclient\x64\release\pclient.ipdb
c:\users\bailey\desktop\projects\platclient\platclient\x64\release\pclient.iobj
c:\users\bailey\desktop\projects\platclient\platclient\pclient\x64\release\vcpkg.applocal.log
c:\users\bailey\desktop\projects\platclient\platclient\x64\release\libcurl.dll
c:\users\bailey\desktop\projects\platclient\platclient\x64\release\zlib1.dll
c:\users\bailey\desktop\projects\platclient\platclient\pclient\x64\release\pclient.res
c:\users\bailey\desktop\projects\platclient\platclient\pclient\x64\release\pclient.tlog\cl.command.1.tlog
c:\users\bailey\desktop\projects\platclient\platclient\pclient\x64\release\pclient.tlog\cl.read.1.tlog
c:\users\bailey\desktop\projects\platclient\platclient\pclient\x64\release\pclient.tlog\cl.write.1.tlog
c:\users\bailey\desktop\projects\platclient\platclient\pclient\x64\release\pclient.tlog\link.command.1.tlog
c:\users\bailey\desktop\projects\platclient\platclient\pclient\x64\release\pclient.tlog\link.read.1.tlog
c:\users\bailey\desktop\projects\platclient\platclient\pclient\x64\release\pclient.tlog\link.write.1.tlog
c:\users\bailey\desktop\projects\platclient\platclient\pclient\x64\release\pclient.tlog\pclient.write.1u.tlog
c:\users\bailey\desktop\projects\platclient\platclient\pclient\x64\release\pclient.tlog\rc.command.1.tlog
c:\users\bailey\desktop\projects\platclient\platclient\pclient\x64\release\pclient.tlog\rc.read.1.tlog
c:\users\bailey\desktop\projects\platclient\platclient\pclient\x64\release\pclient.tlog\rc.write.1.tlog
