C:\Program Files (x86)\Microsoft Visual Studio\2019\Community\MSBuild\Microsoft\VC\v160\Microsoft.CppBuild.targets(467,5): warning MSB8028: The intermediate directory (x64\Release\) contains files shared from another project (ExternalOverlay.vcxproj).  This can lead to incorrect clean and rebuild behavior.
  Using triplet "x64-windows" from "C:\Users\Bailey\vcpkg\installed\x64-windows\"
  Discord.cpp
  PClient.cpp
C:\Users\Bailey\vcpkg\installed\x64-windows\include\boost\bind.hpp(41): message : The practice of declaring the Bind placeholders (_1, _2, ...) in the global namespace is deprecated. Please use <boost/bind/bind.hpp> + using namespace boost::placeholders, or define BOOST_BIND_GLOBAL_PLACEHOLDERS to retain the current behavior.
C:\Users\Bailey\Desktop\Projects\PlatClient\PlatClient\PClient\zoom.h(6,42): warning C4042: 'proc': has bad storage class
C:\Users\Bailey\Desktop\Projects\PlatClient\PlatClient\PClient\PClient.cpp(273,34): warning C4101: 'exc': unreferenced local variable
  Paint.cpp
C:\Users\Bailey\vcpkg\installed\x64-windows\include\boost\bind.hpp(41): message : The practice of declaring the Bind placeholders (_1, _2, ...) in the global namespace is deprecated. Please use <boost/bind/bind.hpp> + using namespace boost::placeholders, or define BOOST_BIND_GLOBAL_PLACEHOLDERS to retain the current behavior.
C:\Users\Bailey\Desktop\Projects\PlatClient\PlatClient\PClient\Paint.cpp(113,55): warning C4244: 'argument': conversion from 'float' to 'int', possible loss of data
C:\Users\Bailey\Desktop\Projects\PlatClient\PlatClient\PClient\Paint.cpp(132,94): warning C4267: 'argument': conversion from 'size_t' to 'INT', possible loss of data
  configParser.cpp
  keystrokes.cpp
C:\Users\Bailey\vcpkg\installed\x64-windows\include\boost\bind.hpp(41): message : The practice of declaring the Bind placeholders (_1, _2, ...) in the global namespace is deprecated. Please use <boost/bind/bind.hpp> + using namespace boost::placeholders, or define BOOST_BIND_GLOBAL_PLACEHOLDERS to retain the current behavior.
C:\Users\Bailey\Desktop\Projects\PlatClient\PlatClient\PClient\keystrokes.cpp(70,19): warning C4244: '=': conversion from 'int' to 'float', possible loss of data
C:\Users\Bailey\Desktop\Projects\PlatClient\PlatClient\PClient\keystrokes.cpp(71,22): warning C4244: '=': conversion from 'int' to 'float', possible loss of data
C:\Users\Bailey\Desktop\Projects\PlatClient\PlatClient\PClient\keystrokes.cpp(167,18): warning C4244: 'initializing': conversion from 'double' to 'float', possible loss of data
C:\Users\Bailey\Desktop\Projects\PlatClient\PlatClient\PClient\keystrokes.cpp(171,69): warning C4244: 'argument': conversion from 'double' to 'FLOAT', possible loss of data
C:\Users\Bailey\Desktop\Projects\PlatClient\PlatClient\PClient\keystrokes.cpp(175,69): warning C4244: 'argument': conversion from 'double' to 'FLOAT', possible loss of data
C:\Users\Bailey\Desktop\Projects\PlatClient\PlatClient\PClient\keystrokes.cpp(188,75): warning C4244: 'argument': conversion from 'float' to 'int', possible loss of data
C:\Users\Bailey\Desktop\Projects\PlatClient\PlatClient\PClient\keystrokes.cpp(188,55): warning C4244: 'argument': conversion from 'float' to 'int', possible loss of data
C:\Users\Bailey\Desktop\Projects\PlatClient\PlatClient\PClient\keystrokes.cpp(189,77): warning C4244: 'argument': conversion from 'float' to 'int', possible loss of data
C:\Users\Bailey\Desktop\Projects\PlatClient\PlatClient\PClient\keystrokes.cpp(189,56): warning C4244: 'argument': conversion from 'float' to 'int', possible loss of data
  subCount.cpp
C:\Users\Bailey\vcpkg\installed\x64-windows\include\boost\bind.hpp(41): message : The practice of declaring the Bind placeholders (_1, _2, ...) in the global namespace is deprecated. Please use <boost/bind/bind.hpp> + using namespace boost::placeholders, or define BOOST_BIND_GLOBAL_PLACEHOLDERS to retain the current behavior.
  zoom.cpp
C:\Users\Bailey\vcpkg\installed\x64-windows\include\boost\bind.hpp(41): message : The practice of declaring the Bind placeholders (_1, _2, ...) in the global namespace is deprecated. Please use <boost/bind/bind.hpp> + using namespace boost::placeholders, or define BOOST_BIND_GLOBAL_PLACEHOLDERS to retain the current behavior.
C:\Users\Bailey\Desktop\Projects\PlatClient\PlatClient\PClient\zoom.cpp(13,42): warning C4042: 'proc': has bad storage class
  Generating code
  61 of 1885 functions ( 3.2%) were compiled, the rest were copied from previous compilation.
    0 functions were new in current compilation
    3 functions had inline decision re-evaluated but remain unchanged
  Finished generating code
  PClient.vcxproj -> C:\Users\Bailey\Desktop\Projects\PlatClient\PlatClient\x64\Release\PClient.exe
